{
  "stats": {
    "suites": 1,
    "tests": 1,
    "passes": 1,
    "pending": 0,
    "failures": 0,
    "start": "2018-11-19T11:45:30.589Z",
    "end": "2018-11-19T11:45:37.181Z",
    "duration": 6592,
    "testsRegistered": 1,
    "passPercent": 100,
    "pendingPercent": 0,
    "other": 0,
    "hasOther": false,
    "skipped": 0,
    "hasSkipped": false,
    "passPercentClass": "success",
    "pendingPercentClass": "danger"
  },
  "suites": {
    "uuid": "74095455-65d1-4079-8767-d8aaf59e6164",
    "title": "",
    "fullFile": "",
    "file": "",
    "beforeHooks": [],
    "afterHooks": [],
    "tests": [],
    "suites": [
      {
        "uuid": "a6c505ea-87b5-455e-99d3-f9e3adaf5550",
        "title": "'homes' button on homepage",
        "fullFile": "C:\\Users\\R001-HasanA\\TestAir\\src\\tests\\homepagetest.ts",
        "file": "\\src\\tests\\homepagetest.ts",
        "beforeHooks": [
          {
            "title": "\"before all\" hook",
            "fullTitle": "'homes' button on homepage \"before all\" hook",
            "timedOut": false,
            "duration": 1732,
            "pass": false,
            "fail": false,
            "pending": false,
            "code": "driver = new selenium_webdriver_1.Builder().forBrowser(\"chrome\").build()",
            "err": {},
            "isRoot": false,
            "uuid": "2175f544-c351-4188-a1d9-6d2566a80c85",
            "isHook": true,
            "skipped": false
          }
        ],
        "afterHooks": [
          {
            "title": "\"after all\" hook",
            "fullTitle": "'homes' button on homepage \"after all\" hook",
            "timedOut": false,
            "duration": 173,
            "pass": false,
            "fail": false,
            "pending": false,
            "code": "__awaiter(this, void 0, void 0, function* () { return yield driver.quit(); })",
            "err": {},
            "isRoot": false,
            "uuid": "562c2873-aac5-473c-9c9e-e83b84d9cd04",
            "isHook": true,
            "skipped": false
          }
        ],
        "tests": [
          {
            "title": "should return results",
            "fullTitle": "'homes' button on homepage should return results",
            "timedOut": false,
            "duration": 4679,
            "state": "passed",
            "speed": "slow",
            "pass": true,
            "fail": false,
            "pending": false,
            "code": "__awaiter(this, void 0, void 0, function* () {\n        const homepage = new homepage_1.Homepage(driver);\n        const homes = homepage\n            .open()\n            .then(value => value.getHomes())\n            .then(value => value.getResults());\n        yield chai_1.expect(yield homes).to.not.be.empty;\n    })",
            "err": {},
            "isRoot": false,
            "uuid": "765b7fa9-e88e-4fe0-874c-cac27b884f8f",
            "isHook": false,
            "skipped": false
          }
        ],
        "suites": [],
        "passes": [
          "765b7fa9-e88e-4fe0-874c-cac27b884f8f"
        ],
        "failures": [],
        "pending": [],
        "skipped": [],
        "duration": 4679,
        "root": false,
        "rootEmpty": false,
        "_timeout": 15000
      }
    ],
    "passes": [],
    "failures": [],
    "pending": [],
    "skipped": [],
    "duration": 0,
    "root": true,
    "rootEmpty": true,
    "_timeout": 15000
  },
  "copyrightYear": 2018
}